  0%|          | 0/1 [00:00<?, ?it/s]  0%|          | 0/1 [00:34<?, ?it/s, Energy=-2.31+0.20j ± 0.69 [σ²=1.1e+02, R̂=1.225]]100%|██████████| 1/1 [00:00<00:00, 22.30it/s, Energy=-2.31+0.20j ± 0.69 [σ²=1.1e+02, R̂=1.225]]
  0%|          | 0/1 [00:00<?, ?it/s]  0%|          | 0/1 [00:34<?, ?it/s, Energy=-6.47-0.16j ± 0.69 [σ²=1.1e+02, R̂=1.225]]100%|██████████| 1/1 [00:00<00:00, 1762.31it/s, Energy=-6.47-0.16j ± 0.69 [σ²=1.1e+02, R̂=1.225]]
Traceback (most recent call last):
  File "<frozen runpy>", line 198, in _run_module_as_main
  File "<frozen runpy>", line 88, in _run_code
  File "/cluster/home/fconoscenti/Thesis_QSL/HFDS_Heisenberg/run_spin.py", line 217, in <module>
    sign_vstate_full, sign_exact, fidelity = plot_Sign_Fidelity(ket_gs, vstate, hi,  folder, one_avg = "one")
                                             ^^^^^^^^^^^^^^^^^^
NameError: name 'plot_Sign_Fidelity' is not defined
srun: error: eu-g5-033-1: task 0: Exited with exit code 1
