srun: Job step aborted: Waiting up to 32 seconds for job step to finish.
slurmstepd: error: *** JOB 10029253 ON th-cl-naples17 CANCELLED AT 2025-10-29T10:18:11 ***
slurmstepd: error: *** STEP 10029253.0 ON th-cl-naples17 CANCELLED AT 2025-10-29T10:18:11 ***
