  0%|          | 0/1 [00:00<?, ?it/s]  0%|          | 0/1 [00:36<?, ?it/s, Energy=-3.24-0.11j ± 0.74 [σ²=1.3e+02, R̂=1.225]]100%|██████████| 1/1 [00:00<00:00, 14.94it/s, Energy=-3.24-0.11j ± 0.74 [σ²=1.3e+02, R̂=1.225]]
  0%|          | 0/1 [00:00<?, ?it/s]  0%|          | 0/1 [00:35<?, ?it/s, Energy=-6.29-0.32j ± 0.59 [σ²=9.0e+01, R̂=1.225]]100%|██████████| 1/1 [00:00<00:00, 2102.41it/s, Energy=-6.29-0.32j ± 0.59 [σ²=9.0e+01, R̂=1.225]]
Traceback (most recent call last):
  File "<frozen runpy>", line 198, in _run_module_as_main
  File "<frozen runpy>", line 88, in _run_code
  File "/cluster/home/fconoscenti/Thesis_QSL/HFDS_Heisenberg/run_spin.py", line 217, in <module>
    sign_vstate_full, sign_exact, fidelity = plot_Sign_Fidelity(ket_gs, vstate, hi,  folder, one_avg = "one")
                                             ^^^^^^^^^^^^^^^^^^
NameError: name 'plot_Sign_Fidelity' is not defined
srun: error: eu-g5-032-4: task 0: Exited with exit code 1
