  0%|          | 0/1 [00:00<?, ?it/s]  0%|          | 0/1 [00:36<?, ?it/s, Energy=-23.23+0.64j ± 0.80 [σ²=1.4e+02, R̂=1.225]]100%|██████████| 1/1 [00:00<00:00, 16.97it/s, Energy=-23.23+0.64j ± 0.80 [σ²=1.4e+02, R̂=1.225]]
  0%|          | 0/1 [00:00<?, ?it/s]  0%|          | 0/1 [00:35<?, ?it/s, Energy=-27.51+0.19j ± 0.80 [σ²=1.1e+02, R̂=1.225]]100%|██████████| 1/1 [00:00<00:00, 1999.19it/s, Energy=-27.51+0.19j ± 0.80 [σ²=1.1e+02, R̂=1.225]]
Traceback (most recent call last):
  File "<frozen runpy>", line 198, in _run_module_as_main
  File "<frozen runpy>", line 88, in _run_code
  File "/cluster/home/fconoscenti/Thesis_QSL/HFDS_Heisenberg/run_spin.py", line 217, in <module>
    sign_vstate_full, sign_exact, fidelity = plot_Sign_Fidelity(ket_gs, vstate, hi,  folder, one_avg = "one")
                                             ^^^^^^^^^^^^^^^^^^
NameError: name 'plot_Sign_Fidelity' is not defined
srun: error: eu-g5-011-1: task 0: Exited with exit code 1
