  0%|          | 0/1 [00:00<?, ?it/s]  0%|          | 0/1 [00:34<?, ?it/s, Energy=-2.26+0.23j ± 0.65 [σ²=1.0e+02, R̂=1.225]]100%|██████████| 1/1 [00:00<00:00, 17.74it/s, Energy=-2.26+0.23j ± 0.65 [σ²=1.0e+02, R̂=1.225]]
  0%|          | 0/1 [00:00<?, ?it/s]  0%|          | 0/1 [00:35<?, ?it/s, Energy=-5.48+0.32j ± 0.68 [σ²=1.1e+02, R̂=1.225]]100%|██████████| 1/1 [00:00<00:00, 2206.37it/s, Energy=-5.48+0.32j ± 0.68 [σ²=1.1e+02, R̂=1.225]]
Traceback (most recent call last):
  File "<frozen runpy>", line 198, in _run_module_as_main
  File "<frozen runpy>", line 88, in _run_code
  File "/cluster/home/fconoscenti/Thesis_QSL/HFDS_Heisenberg/run_spin.py", line 217, in <module>
    sign_vstate_full, sign_exact, fidelity = plot_Sign_Fidelity(ket_gs, vstate, hi,  folder, one_avg = "one")
                                             ^^^^^^^^^^^^^^^^^^
NameError: name 'plot_Sign_Fidelity' is not defined
srun: error: eu-g5-009-1: task 0: Exited with exit code 1
