  0%|          | 0/1 [00:00<?, ?it/s]  0%|          | 0/1 [00:35<?, ?it/s, Energy=-25.12+0.48j ± 0.99 [σ²=1.8e+02, R̂=1.225]]100%|██████████| 1/1 [00:00<00:00, 17.80it/s, Energy=-25.12+0.48j ± 0.99 [σ²=1.8e+02, R̂=1.225]]
  0%|          | 0/1 [00:00<?, ?it/s]  0%|          | 0/1 [00:33<?, ?it/s, Energy=-31.52+0.99j ± 0.88 [σ²=2.1e+02, R̂=1.225]]100%|██████████| 1/1 [00:00<00:00, 294.92it/s, Energy=-31.52+0.99j ± 0.88 [σ²=2.1e+02, R̂=1.225]]
Traceback (most recent call last):
  File "<frozen runpy>", line 198, in _run_module_as_main
  File "<frozen runpy>", line 88, in _run_code
  File "/cluster/home/fconoscenti/Thesis_QSL/HFDS_Heisenberg/run_spin.py", line 217, in <module>
    sign_vstate_full, sign_exact, fidelity = plot_Sign_Fidelity(ket_gs, vstate, hi,  folder, one_avg = "one")
                                             ^^^^^^^^^^^^^^^^^^
NameError: name 'plot_Sign_Fidelity' is not defined
srun: error: eu-g5-010-3: task 0: Exited with exit code 1
