  0%|          | 0/1 [00:00<?, ?it/s]  0%|          | 0/1 [00:32<?, ?it/s, Energy=-5.56+0.15j ± 0.94 [σ²=2.1e+02, R̂=1.225]]100%|██████████| 1/1 [00:00<00:00, 18.32it/s, Energy=-5.56+0.15j ± 0.94 [σ²=2.1e+02, R̂=1.225]]
  0%|          | 0/1 [00:00<?, ?it/s]  0%|          | 0/1 [00:34<?, ?it/s, Energy=-11.93-0.62j ± 0.82 [σ²=1.7e+02, R̂=1.225]]100%|██████████| 1/1 [00:00<00:00, 2435.72it/s, Energy=-11.93-0.62j ± 0.82 [σ²=1.7e+02, R̂=1.225]]
Traceback (most recent call last):
  File "<frozen runpy>", line 198, in _run_module_as_main
  File "<frozen runpy>", line 88, in _run_code
  File "/cluster/home/fconoscenti/Thesis_QSL/HFDS_Heisenberg/run_spin.py", line 217, in <module>
    sign_vstate_full, sign_exact, fidelity = plot_Sign_Fidelity(ket_gs, vstate, hi,  folder, one_avg = "one")
                                             ^^^^^^^^^^^^^^^^^^
NameError: name 'plot_Sign_Fidelity' is not defined
srun: error: eu-g5-034-3: task 0: Exited with exit code 1
