Traceback (most recent call last):
  File "<frozen runpy>", line 198, in _run_module_as_main
  File "<frozen runpy>", line 88, in _run_code
  File "/cluster/home/fconoscenti/Thesis_QSL/HFDS_Heisenberg/run_spin.py", line 35, in <module>
    from Elaborate.Plotting.Sign_vs_iteration import plot_Sign_Err_vs_Amplitude_Err_with_iteration
  File "/cluster/home/fconoscenti/Thesis_QSL/Elaborate/Plotting/Sign_vs_iteration.py", line 34, in <module>
    from Elaborate.Sign_Obs import *
  File "/cluster/home/fconoscenti/Thesis_QSL/Elaborate/Sign_Obs.py", line 11, in <module>
    from physics_tenpy.networks.mps import MPS
ModuleNotFoundError: No module named 'physics_tenpy'
srun: error: eu-g5-026-2: task 0: Exited with exit code 1
